{"/Users/lynda/Desktop/Exercise Files/start/src/app.js": {"path":"/Users/lynda/Desktop/Exercise Files/start/src/app.js","statementMap":{"0":{"start":{"line":6,"column":12},"end":{"line":6,"column":21}},"1":{"start":{"line":8,"column":0},"end":{"line":8,"column":27}},"2":{"start":{"line":9,"column":0},"end":{"line":9,"column":16}},"3":{"start":{"line":10,"column":0},"end":{"line":10,"column":36}},"4":{"start":{"line":11,"column":0},"end":{"line":11,"column":41}}},"fnMap":{},"branchMap":{},"s":{"0":1,"1":1,"2":1,"3":1,"4":1},"f":{},"b":{},"_coverageSchema":"43e27e138ebf9cfc5966b082cf9a028302ed4184","hash":"0cf112c4c74c808950e771cdb6678b26ff241cbf"}
,"/Users/lynda/Desktop/Exercise Files/start/src/dictionary-routes.js": {"path":"/Users/lynda/Desktop/Exercise Files/start/src/dictionary-routes.js","statementMap":{"0":{"start":{"line":5,"column":15},"end":{"line":5,"column":26}},"1":{"start":{"line":7,"column":15},"end":{"line":7,"column":27}},"2":{"start":{"line":9,"column":0},"end":{"line":11,"column":3}},"3":{"start":{"line":10,"column":2},"end":{"line":10,"column":21}},"4":{"start":{"line":13,"column":0},"end":{"line":20,"column":3}},"5":{"start":{"line":14,"column":2},"end":{"line":14,"column":26}},"6":{"start":{"line":15,"column":2},"end":{"line":15,"column":17}},"7":{"start":{"line":16,"column":2},"end":{"line":19,"column":5}},"8":{"start":{"line":22,"column":0},"end":{"line":30,"column":3}},"9":{"start":{"line":23,"column":2},"end":{"line":23,"column":66}},"10":{"start":{"line":23,"column":36},"end":{"line":23,"column":64}},"11":{"start":{"line":24,"column":2},"end":{"line":24,"column":17}},"12":{"start":{"line":25,"column":2},"end":{"line":29,"column":5}}},"fnMap":{"0":{"name":"(anonymous_0)","decl":{"start":{"line":9,"column":16},"end":{"line":9,"column":17}},"loc":{"start":{"line":9,"column":30},"end":{"line":11,"column":1}},"line":9},"1":{"name":"(anonymous_1)","decl":{"start":{"line":13,"column":17},"end":{"line":13,"column":18}},"loc":{"start":{"line":13,"column":31},"end":{"line":20,"column":1}},"line":13},"2":{"name":"(anonymous_2)","decl":{"start":{"line":22,"column":24},"end":{"line":22,"column":25}},"loc":{"start":{"line":22,"column":38},"end":{"line":30,"column":1}},"line":22},"3":{"name":"(anonymous_3)","decl":{"start":{"line":23,"column":29},"end":{"line":23,"column":30}},"loc":{"start":{"line":23,"column":36},"end":{"line":23,"column":64}},"line":23}},"branchMap":{},"s":{"0":2,"1":2,"2":2,"3":1,"4":2,"5":0,"6":0,"7":0,"8":2,"9":1,"10":3,"11":1,"12":1},"f":{"0":1,"1":0,"2":1,"3":3},"b":{},"_coverageSchema":"43e27e138ebf9cfc5966b082cf9a028302ed4184","hash":"48d45b9089946a728ed83665a36b9b8f31df042e"}
,"/Users/lynda/Desktop/Exercise Files/start/src/index.js": {"path":"/Users/lynda/Desktop/Exercise Files/start/src/index.js","statementMap":{"0":{"start":{"line":3,"column":0},"end":{"line":5,"column":3}},"1":{"start":{"line":4,"column":2},"end":{"line":4,"column":57}}},"fnMap":{"0":{"name":"(anonymous_0)","decl":{"start":{"line":3,"column":17},"end":{"line":3,"column":18}},"loc":{"start":{"line":3,"column":23},"end":{"line":5,"column":1}},"line":3}},"branchMap":{},"s":{"0":1,"1":0},"f":{"0":0},"b":{},"_coverageSchema":"43e27e138ebf9cfc5966b082cf9a028302ed4184","hash":"6ba7291192ce6aa8c1544747f212caa5dfabf962"}
,"/Users/lynda/Desktop/Exercise Files/start/src/lib.js": {"path":"/Users/lynda/Desktop/Exercise Files/start/src/lib.js","statementMap":{"0":{"start":{"line":4,"column":20},"end":{"line":14,"column":1}},"1":{"start":{"line":5,"column":2},"end":{"line":13,"column":4}},"2":{"start":{"line":9,"column":6},"end":{"line":11,"column":7}},"3":{"start":{"line":10,"column":8},"end":{"line":10,"column":20}},"4":{"start":{"line":16,"column":22},"end":{"line":22,"column":1}},"5":{"start":{"line":17,"column":2},"end":{"line":17,"column":54}},"6":{"start":{"line":18,"column":2},"end":{"line":20,"column":3}},"7":{"start":{"line":19,"column":4},"end":{"line":19,"column":26}},"8":{"start":{"line":21,"column":2},"end":{"line":21,"column":9}}},"fnMap":{"0":{"name":"(anonymous_0)","decl":{"start":{"line":4,"column":20},"end":{"line":4,"column":21}},"loc":{"start":{"line":4,"column":32},"end":{"line":14,"column":1}},"line":4},"1":{"name":"(anonymous_1)","decl":{"start":{"line":8,"column":4},"end":{"line":8,"column":5}},"loc":{"start":{"line":8,"column":13},"end":{"line":12,"column":5}},"line":8},"2":{"name":"(anonymous_2)","decl":{"start":{"line":16,"column":22},"end":{"line":16,"column":23}},"loc":{"start":{"line":16,"column":42},"end":{"line":22,"column":1}},"line":16}},"branchMap":{"0":{"loc":{"start":{"line":9,"column":6},"end":{"line":11,"column":7}},"type":"if","locations":[{"start":{"line":9,"column":6},"end":{"line":11,"column":7}},{"start":{"line":9,"column":6},"end":{"line":11,"column":7}}],"line":9},"1":{"loc":{"start":{"line":18,"column":2},"end":{"line":20,"column":3}},"type":"if","locations":[{"start":{"line":18,"column":2},"end":{"line":20,"column":3}},{"start":{"line":18,"column":2},"end":{"line":20,"column":3}}],"line":18}},"s":{"0":1,"1":0,"2":0,"3":0,"4":1,"5":0,"6":0,"7":0,"8":0},"f":{"0":0,"1":0,"2":0},"b":{"0":[0,0],"1":[0,0]},"_coverageSchema":"43e27e138ebf9cfc5966b082cf9a028302ed4184","hash":"8c0e076981e7e3746d94bfcfca23839f41ffc816"}
}
