<?xml version="1.0" encoding="UTF-8"?>
<coverage generated="1555452448515" clover="3.2.0">
  <project timestamp="1555452448515" name="All files">
    <metrics statements="40" coveredstatements="29" conditionals="4" coveredconditionals="0" methods="8" coveredmethods="3" elements="52" coveredelements="32" complexity="0" loc="40" ncloc="40" packages="1" files="4" classes="4"/>
    <file name="app.js" path="/Users/lynda/Desktop/Exercise Files/start/src/app.js">
      <metrics statements="10" coveredstatements="10" conditionals="0" coveredconditionals="0" methods="0" coveredmethods="0"/>
      <line num="1" count="1" type="stmt"/>
      <line num="2" count="1" type="stmt"/>
      <line num="3" count="1" type="stmt"/>
      <line num="4" count="1" type="stmt"/>
      <line num="6" count="1" type="stmt"/>
      <line num="8" count="1" type="stmt"/>
      <line num="9" count="1" type="stmt"/>
      <line num="10" count="1" type="stmt"/>
      <line num="11" count="1" type="stmt"/>
      <line num="13" count="1" type="stmt"/>
    </file>
    <file name="dictionary-routes.js" path="/Users/lynda/Desktop/Exercise Files/start/src/dictionary-routes.js">
      <metrics statements="15" coveredstatements="12" conditionals="0" coveredconditionals="0" methods="4" coveredmethods="3"/>
      <line num="1" count="2" type="stmt"/>
      <line num="2" count="2" type="stmt"/>
      <line num="4" count="2" type="stmt"/>
      <line num="6" count="2" type="stmt"/>
      <line num="8" count="2" type="stmt"/>
      <line num="9" count="1" type="stmt"/>
      <line num="12" count="2" type="stmt"/>
      <line num="13" count="0" type="stmt"/>
      <line num="14" count="0" type="stmt"/>
      <line num="15" count="0" type="stmt"/>
      <line num="21" count="2" type="stmt"/>
      <line num="22" count="3" type="stmt"/>
      <line num="23" count="1" type="stmt"/>
      <line num="24" count="1" type="stmt"/>
      <line num="31" count="2" type="stmt"/>
    </file>
    <file name="index.js" path="/Users/lynda/Desktop/Exercise Files/start/src/index.js">
      <metrics statements="3" coveredstatements="2" conditionals="0" coveredconditionals="0" methods="1" coveredmethods="0"/>
      <line num="1" count="1" type="stmt"/>
      <line num="3" count="1" type="stmt"/>
      <line num="4" count="0" type="stmt"/>
    </file>
    <file name="lib.js" path="/Users/lynda/Desktop/Exercise Files/start/src/lib.js">
      <metrics statements="12" coveredstatements="5" conditionals="4" coveredconditionals="0" methods="3" coveredmethods="0"/>
      <line num="1" count="1" type="stmt"/>
      <line num="2" count="1" type="stmt"/>
      <line num="4" count="1" type="stmt"/>
      <line num="5" count="0" type="stmt"/>
      <line num="9" count="0" type="cond" truecount="0" falsecount="2"/>
      <line num="10" count="0" type="stmt"/>
      <line num="16" count="1" type="stmt"/>
      <line num="17" count="0" type="stmt"/>
      <line num="18" count="0" type="cond" truecount="0" falsecount="2"/>
      <line num="19" count="0" type="stmt"/>
      <line num="21" count="0" type="stmt"/>
      <line num="24" count="1" type="stmt"/>
    </file>
  </project>
</coverage>
