TN:
SF:/Users/lynda/Desktop/Exercise Files/start/src/app.js
FNF:0
FNH:0
DA:6,1
DA:8,1
DA:9,1
DA:10,1
DA:11,1
LF:5
LH:5
BRF:0
BRH:0
end_of_record
TN:
SF:/Users/lynda/Desktop/Exercise Files/start/src/dictionary-routes.js
FN:9,(anonymous_0)
FN:13,(anonymous_1)
FN:22,(anonymous_2)
FN:23,(anonymous_3)
FNF:4
FNH:3
FNDA:1,(anonymous_0)
FNDA:0,(anonymous_1)
FNDA:1,(anonymous_2)
FNDA:3,(anonymous_3)
DA:5,2
DA:7,2
DA:9,2
DA:10,1
DA:13,2
DA:14,0
DA:15,0
DA:16,0
DA:22,2
DA:23,3
DA:24,1
DA:25,1
LF:12
LH:9
BRF:0
BRH:0
end_of_record
TN:
SF:/Users/lynda/Desktop/Exercise Files/start/src/index.js
FN:3,(anonymous_0)
FNF:1
FNH:0
FNDA:0,(anonymous_0)
DA:3,1
DA:4,0
LF:2
LH:1
BRF:0
BRH:0
end_of_record
TN:
SF:/Users/lynda/Desktop/Exercise Files/start/src/lib.js
FN:4,(anonymous_0)
FN:8,(anonymous_1)
FN:16,(anonymous_2)
FNF:3
FNH:0
FNDA:0,(anonymous_0)
FNDA:0,(anonymous_1)
FNDA:0,(anonymous_2)
DA:4,1
DA:5,0
DA:9,0
DA:10,0
DA:16,1
DA:17,0
DA:18,0
DA:19,0
DA:21,0
LF:9
LH:2
BRDA:9,0,0,0
BRDA:9,0,1,0
BRDA:18,1,0,0
BRDA:18,1,1,0
BRF:4
BRH:0
end_of_record
